\BOOKMARK [0][-]{chapter*.5}{Resumen}{}% 1
\BOOKMARK [0][-]{chapter.1}{Introducci\363n}{}% 2
\BOOKMARK [1][-]{section.1.1}{Motivaci\363n}{chapter.1}% 3
\BOOKMARK [1][-]{section.1.2}{Objetivos y metodolog\355a}{chapter.1}% 4
\BOOKMARK [1][-]{section.1.3}{Resultados obtenidos}{chapter.1}% 5
\BOOKMARK [1][-]{section.1.4}{Organizaci\363n del documento}{chapter.1}% 6
\BOOKMARK [0][-]{chapter.2}{Cuenca del r\355o Chambo}{}% 7
\BOOKMARK [1][-]{section.2.1}{Descripci\363n del sistema}{chapter.2}% 8
\BOOKMARK [0][-]{chapter.3}{Descripci\363n de los datos}{}% 9
\BOOKMARK [1][-]{section.3.1}{Series de precipitaci\363n basadas en la interpolaci\363n de pluvi\363metros}{chapter.3}% 10
\BOOKMARK [1][-]{section.3.2}{Generaci\363n de series sint\351ticas}{chapter.3}% 11
\BOOKMARK [1][-]{section.3.3}{Temperatura}{chapter.3}% 12
\BOOKMARK [0][-]{chapter.4}{Modelos}{}% 13
\BOOKMARK [1][-]{section.4.1}{Modelo Hidrol\363gico}{chapter.4}% 14
\BOOKMARK [2][-]{subsection.4.1.1}{Modelo LEM}{section.4.1}% 15
\BOOKMARK [2][-]{subsection.4.1.2}{Modelo MELCA}{section.4.1}% 16
\BOOKMARK [2][-]{subsection.4.1.3}{Par\341metros f\355sicos}{section.4.1}% 17
\BOOKMARK [1][-]{section.4.2}{Modelado de balance hidrol\363gico}{chapter.4}% 18
\BOOKMARK [1][-]{section.4.3}{Modzin}{chapter.4}% 19
\BOOKMARK [0][-]{chapter.5}{Resultados}{}% 20
\BOOKMARK [1][-]{section.5.1}{Caudales simulados}{chapter.5}% 21
\BOOKMARK [0][-]{chapter.6}{An\341lisis de Escenarios}{}% 22
\BOOKMARK [0][-]{chapter.7}{Conclusiones}{}% 23
